0 verbose cli /usr/local/bin/node /usr/local/lib/node_modules/npm/bin/npm-cli.js
1 info using npm@10.9.2
2 info using node@v22.16.0
3 silly config load:file:/usr/local/lib/node_modules/npm/npmrc
4 silly config load:file:/Users/dvir2/Projects/Wonderful AI/hire-me/hire-me-wonderful-ai/.npmrc
5 silly config load:file:/Users/dvir2/.npmrc
6 silly config load:file:/usr/local/etc/npmrc
7 verbose title npm exec run dev
8 verbose argv "exec" "--" "run" "dev"
9 verbose logfile logs-max:10 dir:/Users/dvir2/Projects/Wonderful AI/hire-me/hire-me-wonderful-ai/.npm-cache/_logs/2025-12-01T15_55_00_701Z-
10 verbose logfile /Users/dvir2/Projects/Wonderful AI/hire-me/hire-me-wonderful-ai/.npm-cache/_logs/2025-12-01T15_55_00_701Z-debug-0.log
11 silly logfile start cleaning logs, removing 1 files
12 silly logfile done cleaning log files
13 silly packumentCache heap:4345298944 maxSize:1086324736 maxEntrySize:543162368
14 http fetch GET 200 https://registry.npmjs.org/run 271ms (cache miss)
15 silly packumentCache heap:4345298944 maxSize:1086324736 maxEntrySize:543162368
16 silly packumentCache heap:4345298944 maxSize:1086324736 maxEntrySize:543162368
17 verbose stack Error: canceled
17 verbose stack     at Interface.<anonymous> (/usr/local/lib/node_modules/npm/node_modules/read/dist/commonjs/read.js:89:21)
17 verbose stack     at Interface.emit (node:events:518:28)
17 verbose stack     at [_ttyWrite] [as _ttyWrite] (node:internal/readline/interface:1128:18)
17 verbose stack     at ReadStream.onkeypress (node:internal/readline/interface:267:20)
17 verbose stack     at ReadStream.emit (node:events:518:28)
17 verbose stack     at emitKeys (node:internal/readline/utils:370:14)
17 verbose stack     at emitKeys.next (<anonymous>)
17 verbose stack     at ReadStream.onData (node:internal/readline/emitKeypressEvents:64:36)
17 verbose stack     at ReadStream.emit (node:events:518:28)
17 verbose stack     at addChunk (node:internal/streams/readable:561:12)
18 error canceled
19 verbose cwd /Users/dvir2/Projects/Wonderful AI/hire-me/hire-me-wonderful-ai
20 verbose os Darwin 24.6.0
21 verbose node v22.16.0
22 verbose npm  v10.9.2
23 verbose exit 1
24 verbose code 1
25 error A complete log of this run can be found in: /Users/dvir2/Projects/Wonderful AI/hire-me/hire-me-wonderful-ai/.npm-cache/_logs/2025-12-01T15_55_00_701Z-debug-0.log
