0 verbose cli /usr/local/bin/node /usr/local/lib/node_modules/npm/bin/npm-cli.js
1 info using npm@10.9.2
2 info using node@v22.16.0
3 silly config load:file:/usr/local/lib/node_modules/npm/npmrc
4 silly config load:file:/Users/dvir2/Projects/Wonderful AI/hire-me/hire-me-wonderful-ai/.npmrc
5 silly config load:file:/Users/dvir2/.npmrc
6 silly config load:file:/usr/local/etc/npmrc
7 verbose title npm exec tsx -e 
7 verbose title import { ApifyOutputSchema } from './lib/schemas/linkedin';
7 verbose title const data = require('./docs/testscarpefrance.json');
7 verbose title
7 verbose title console.log('Testing validation with testscarpefrance.json...');
7 verbose title console.log('Total candidates:', data.length);
7 verbose title
7 verbose title const result = ApifyOutputSchema.safeParse(data);
7 verbose title
7 verbose title if (result.success) {
7 verbose title   console.log('✓ Validation PASSED!');
7 verbose title   console.log('Successfully validated', result.data.length, 'candidates');
7 verbose title } else {
7 verbose title   console.log('✗ Validation FAILED');
7 verbose title   console.log('First error:', result.error.errors[0]);
7 verbose title }
8 verbose argv "exec" "--" "tsx" "-e" "\nimport { ApifyOutputSchema } from './lib/schemas/linkedin';\nconst data = require('./docs/testscarpefrance.json');\n\nconsole.log('Testing validation with testscarpefrance.json...');\nconsole.log('Total candidates:', data.length);\n\nconst result = ApifyOutputSchema.safeParse(data);\n\nif (result.success) {\n  console.log('✓ Validation PASSED!');\n  console.log('Successfully validated', result.data.length, 'candidates');\n} else {\n  console.log('✗ Validation FAILED');\n  console.log('First error:', result.error.errors[0]);\n}\n"
9 verbose logfile logs-max:10 dir:/Users/dvir2/Projects/Wonderful AI/hire-me/hire-me-wonderful-ai/.npm-cache/_logs/2025-12-01T15_45_38_915Z-
10 verbose logfile /Users/dvir2/Projects/Wonderful AI/hire-me/hire-me-wonderful-ai/.npm-cache/_logs/2025-12-01T15_45_38_915Z-debug-0.log
11 silly logfile start cleaning logs, removing 1 files
12 silly logfile done cleaning log files
13 silly packumentCache heap:4345298944 maxSize:1086324736 maxEntrySize:543162368
14 http fetch GET 200 https://registry.npmjs.org/tsx 104ms (cache revalidated)
15 silly packumentCache heap:4345298944 maxSize:1086324736 maxEntrySize:543162368
16 silly packumentCache heap:4345298944 maxSize:1086324736 maxEntrySize:543162368
17 verbose cwd /Users/dvir2/Projects/Wonderful AI/hire-me/hire-me-wonderful-ai
18 verbose os Darwin 24.6.0
19 verbose node v22.16.0
20 verbose npm  v10.9.2
21 verbose exit 0
22 info ok
